<?xml version="1.0" encoding="UTF-8"?>
<!-- Generated by org.testng.reporters.JUnitXMLReporter -->
<testsuite hostname="LAPTOP-CLIP7DDS" ignored="0" name="Default test" tests="4" failures="0" timestamp="2021-05-18T22:24:21 IST" time="16.207" errors="0">
  <testcase name="Openbrowser" time="11.32" classname="B2BApplication.Loginandsearch"/>
  <testcase name="Usenameandpassword" time="0.3" classname="B2BApplication.Loginandsearch"/>
  <testcase name="loginbutton" time="0.168" classname="B2BApplication.Loginandsearch"/>
  <testcase name="settings" time="4.394" classname="B2BApplication.Loginandsearch"/>
</testsuite> <!-- Default test -->
