<?xml version="1.0" encoding="UTF-8"?>
<!-- Generated by org.testng.reporters.JUnitXMLReporter -->
<testsuite hostname="LAPTOP-CLIP7DDS" ignored="0" name="Default test" tests="4" failures="0" timestamp="2021-05-16T15:56:49 IST" time="36.716" errors="0">
  <testcase name="Openbrowser" time="16.016" classname="B2BApplication.Loginandsearch"/>
  <testcase name="Usenameandpassword" time="0.349" classname="B2BApplication.Loginandsearch"/>
  <testcase name="loginbutton" time="0.15" classname="B2BApplication.Loginandsearch"/>
  <testcase name="settings" time="20.176" classname="B2BApplication.Loginandsearch"/>
</testsuite> <!-- Default test -->
